<?xml version="1.0" encoding="UTF-8"?>
<!-- Generated by org.testng.reporters.JUnitReportReporter -->
<testsuite hostname="CWTR03" name="assignment.appDemo.AppiumAppDemoTestCases" tests="10" failures="0" timestamp="8 Jun 2018 07:10:44 GMT" time="451.514" errors="0">
  <testcase name="Exercise01_Verify_navigate_By_3_Activities" time="62.311" classname="assignment.appDemo.AppiumAppDemoTestCases"/>
  <testcase name="Exercise07_Verify_views_rotatingButton" time="49.228" classname="assignment.appDemo.AppiumAppDemoTestCases"/>
  <testcase name="Exercise10_Verify_views_visibility" time="44.172" classname="assignment.appDemo.AppiumAppDemoTestCases"/>
  <testcase name="Exercise08_Verify_layouts_scrollView_Long" time="118.659" classname="assignment.appDemo.AppiumAppDemoTestCases"/>
  <testcase name="Exercise02_Verify_scroll_activity_and_print_activity_list" time="36.457" classname="assignment.appDemo.AppiumAppDemoTestCases"/>
  <testcase name="Exercise05_Verify_Views_expandableList_customAdapter" time="23.278" classname="assignment.appDemo.AppiumAppDemoTestCases"/>
  <testcase name="Exercise03_Verify_On_Off_Button_after_and_before_toggle" time="17.149" classname="assignment.appDemo.AppiumAppDemoTestCases"/>
  <testcase name="Exercise04_Verify_views_controls_lighttheme" time="43.354" classname="assignment.appDemo.AppiumAppDemoTestCases"/>
  <testcase name="Exercise06_Verify_views_spinner" time="26.315" classname="assignment.appDemo.AppiumAppDemoTestCases"/>
  <testcase name="Exercise09_Verify_views_textClock" time="30.591" classname="assignment.appDemo.AppiumAppDemoTestCases"/>
</testsuite> <!-- assignment.appDemo.AppiumAppDemoTestCases -->
