<?xml version="1.0" encoding="UTF-8"?>
<!-- Generated by org.testng.reporters.JUnitReportReporter -->
<testsuite skipped="0" hostname="CWTR03" name="assignment.AppiumTestCases" tests="1" failures="0" timestamp="01 Jun 2018 07:02:48 GMT" time="81.103" errors="0">
  <testcase name="verifyVisibility" time="81.103" classname="assignment.AppiumTestCases"/>
</testsuite> <!-- assignment.AppiumTestCases -->
