<?xml version="1.0" encoding="UTF-8"?>
<!-- Generated by org.testng.reporters.JUnitReportReporter -->
<testsuite hostname="CWTR03" name="assignment.chromeAppiumDriver.AppiumChromeTestCases" tests="1" failures="0" timestamp="8 Jun 2018 07:10:44 GMT" time="79.156" errors="0">
  <testcase name="Exercise11_Scripts_for_webBrowser_chrome" time="79.156" classname="assignment.chromeAppiumDriver.AppiumChromeTestCases"/>
</testsuite> <!-- assignment.chromeAppiumDriver.AppiumChromeTestCases -->
