<?xml version="1.0" encoding="UTF-8"?>
<!-- Generated by org.testng.reporters.JUnitReportReporter -->
<testsuite hostname="CWTR03" name="assignment.appDemo.Appium_AppDemo_TestCases" tests="9" failures="0" timestamp="5 Jun 2018 08:13:52 GMT" time="442.524" errors="0">
  <testcase name="Exercise03_Verify_On_Off_Button_after_and_before_toggle" time="20.544" classname="assignment.appDemo.Appium_AppDemo_TestCases"/>
  <testcase name="Exercise02_Verify_scroll_activity_and_print_activity_list" time="32.313" classname="assignment.appDemo.Appium_AppDemo_TestCases"/>
  <testcase name="Exercise10_Verify_views_visibility" time="43.421" classname="assignment.appDemo.Appium_AppDemo_TestCases"/>
  <testcase name="Exercise09_Verify_views_textClock" time="43.110" classname="assignment.appDemo.Appium_AppDemo_TestCases"/>
  <testcase name="Exercise05_Verify_Views_expandableList_customAdapter" time="16.523" classname="assignment.appDemo.Appium_AppDemo_TestCases"/>
  <testcase name="Exercise04_Verify_views_controls_lighttheme" time="51.671" classname="assignment.appDemo.Appium_AppDemo_TestCases"/>
  <testcase name="Exercise08_Verify_layouts_scrollView_Long" time="119.032" classname="assignment.appDemo.Appium_AppDemo_TestCases"/>
  <testcase name="Exercise06_Verify_views_spinner" time="40.987" classname="assignment.appDemo.Appium_AppDemo_TestCases"/>
  <testcase name="Exercise01_Verify_navigate_By_3_Activities" time="74.923" classname="assignment.appDemo.Appium_AppDemo_TestCases"/>
</testsuite> <!-- assignment.appDemo.Appium_AppDemo_TestCases -->
