<?xml version="1.0" encoding="UTF-8"?>
<!-- Generated by org.testng.reporters.JUnitReportReporter -->
<testsuite skipped="0" hostname="N8QHJD02" name="guru99Bank_Project.Login_Page" tests="1" failures="0" timestamp="14 Jun 2018 10:08:28 GMT" time="44.252" errors="0">
  <testcase name="TestLogin" time="44.252" classname="guru99Bank_Project.Login_Page"/>
</testsuite> <!-- guru99Bank_Project.Login_Page -->
