<?xml version="1.0" encoding="UTF-8"?>
<!-- Generated by org.testng.reporters.JUnitReportReporter -->
<testsuite hostname="N8QHJD02" name="guru99Bank_Project.dryRun" tests="1" failures="0" timestamp="14 Jun 2018 08:12:20 GMT" time="0.046" errors="0">
  <testcase name="dryRUntest" time="0.046" classname="guru99Bank_Project.dryRun"/>
</testsuite> <!-- guru99Bank_Project.dryRun -->
