<?xml version="1.0" encoding="UTF-8"?>
<!-- Generated by org.testng.reporters.JUnitReportReporter -->
<testsuite hostname="N8QHJD02" name="my.practice.working.AWC" tests="1" failures="0" timestamp="30 May 2018 12:13:21 GMT" time="93.320" errors="0">
  <testcase name="TestLogin" time="93.320" classname="my.practice.working.AWC"/>
</testsuite> <!-- my.practice.working.AWC -->
