<?xml version="1.0" encoding="UTF-8"?>
<!-- Generated by org.testng.reporters.JUnitReportReporter -->
<testsuite hostname="N8QHJD02" name="testNG.NewTest" tests="4" failures="0" timestamp="24 Apr 2018 05:59:19 GMT" time="0.014" errors="0">
  <testcase name="Login" time="0.009" classname="testNG.NewTest"/>
  <testcase name="Login1" time="0.003" classname="testNG.NewTest"/>
  <testcase name="Login1" time="0.001" classname="testNG.NewTest"/>
  <testcase name="Login" time="0.001" classname="testNG.NewTest"/>
</testsuite> <!-- testNG.NewTest -->
