<?xml version="1.0" encoding="UTF-8"?>
<!-- Generated by org.testng.reporters.JUnitReportReporter -->
<testsuite hostname="N8QHJD02" name="guru99.TestAssg1" tests="1" failures="0" timestamp="21 May 2018 11:43:46 GMT" time="26.505" errors="0">
  <testcase name="testAssg1" time="26.505" classname="guru99.TestAssg1"/>
</testsuite> <!-- guru99.TestAssg1 -->
