<?xml version="1.0" encoding="UTF-8"?>
<!-- Generated by org.testng.reporters.JUnitReportReporter -->
<testsuite hostname="N8QHJD02" name="guru99Bank_Project.dryRun" tests="1" failures="0" timestamp="5 Jun 2018 06:22:37 GMT" time="0.013" errors="0">
  <testcase name="dryRUntest" time="0.013" classname="guru99Bank_Project.dryRun"/>
</testsuite> <!-- guru99Bank_Project.dryRun -->
