<?xml version="1.0" encoding="UTF-8"?>
<!-- Generated by org.testng.reporters.JUnitReportReporter -->
<testsuite hostname="N8QHJD02" name="com.test.awc.AwcPilot" tests="2" failures="0" timestamp="21 Jun 2018 11:52:40 GMT" time="123.908" errors="0">
  <testcase name="AWC_createItemtypeItem" time="70.982" classname="com.test.awc.AwcPilot"/>
  <testcase name="AWC_initiateTCMReleaseworkflowOnitem" time="52.926" classname="com.test.awc.AwcPilot"/>
</testsuite> <!-- com.test.awc.AwcPilot -->
