<?xml version="1.0" encoding="UTF-8"?>
<!-- Generated by org.testng.reporters.JUnitReportReporter -->
<testsuite hostname="N8QHJD02" name="com.sqs.awc.AwcPilot" tests="2" failures="0" timestamp="22 Jun 2018 07:12:33 GMT" time="122.811" errors="0">
  <testcase name="AWC_createItemtypeItem" time="55.275" classname="com.sqs.awc.AwcPilot"/>
  <testcase name="AWC_initiateTCMReleaseworkflowOnitem" time="67.536" classname="com.sqs.awc.AwcPilot"/>
</testsuite> <!-- com.sqs.awc.AwcPilot -->
